c:\users\e017770n\onedrive - staffordshire university\non uni gits\textualengine\x64\debug\vc143.pdb
c:\users\e017770n\onedrive - staffordshire university\non uni gits\textualengine\x64\debug\vc143.idb
c:\users\e017770n\onedrive - staffordshire university\non uni gits\textualengine\x64\debug\texturalengine.obj
c:\users\e017770n\onedrive - staffordshire university\non uni gits\textualengine\x64\debug\g_worldlayer.obj
c:\users\e017770n\onedrive - staffordshire university\non uni gits\textualengine\x64\debug\g_m_worldmat.obj
c:\users\e017770n\onedrive - staffordshire university\non uni gits\textualengine\x64\debug\entrypoint.obj
c:\users\e017770n\onedrive - staffordshire university\non uni gits\textualengine\x64\debug\renderingmodifier.obj
c:\users\e017770n\onedrive - staffordshire university\non uni gits\textualengine\x64\debug\baseentity.obj
c:\users\e017770n\onedrive - staffordshire university\non uni gits\textualengine\x64\debug\basecomponent.obj
c:\users\e017770n\onedrive - staffordshire university\non uni gits\textualengine\x64\debug\consolereciver.obj
c:\users\e017770n\onedrive - staffordshire university\non uni gits\textualengine\x64\debug\texturalengine.exe
c:\users\e017770n\onedrive - staffordshire university\non uni gits\textualengine\x64\debug\texturalengine.ilk
c:\users\e017770n\onedrive - staffordshire university\non uni gits\textualengine\x64\debug\texturalengine.pdb
c:\users\e017770n\onedrive - staffordshire university\non uni gits\textualengine\x64\debug\texturalengine.tlog\cl.command.1.tlog
c:\users\e017770n\onedrive - staffordshire university\non uni gits\textualengine\x64\debug\texturalengine.tlog\cl.items.tlog
c:\users\e017770n\onedrive - staffordshire university\non uni gits\textualengine\x64\debug\texturalengine.tlog\cl.read.1.tlog
c:\users\e017770n\onedrive - staffordshire university\non uni gits\textualengine\x64\debug\texturalengine.tlog\cl.write.1.tlog
c:\users\e017770n\onedrive - staffordshire university\non uni gits\textualengine\x64\debug\texturalengine.tlog\link.command.1.tlog
c:\users\e017770n\onedrive - staffordshire university\non uni gits\textualengine\x64\debug\texturalengine.tlog\link.read.1.tlog
c:\users\e017770n\onedrive - staffordshire university\non uni gits\textualengine\x64\debug\texturalengine.tlog\link.write.1.tlog
